ARM GAS  /tmp/ccQybeZR.s 			page 1


   1              		.cpu cortex-m3
   2              		.arch armv7-m
   3              		.fpu softvfp
   4              		.eabi_attribute 20, 1
   5              		.eabi_attribute 21, 1
   6              		.eabi_attribute 23, 3
   7              		.eabi_attribute 24, 1
   8              		.eabi_attribute 25, 1
   9              		.eabi_attribute 26, 1
  10              		.eabi_attribute 30, 1
  11              		.eabi_attribute 34, 1
  12              		.eabi_attribute 18, 4
  13              		.file	"gpio.c"
  14              		.text
  15              	.Ltext0:
  16              		.cfi_sections	.debug_frame
  17              		.file 1 "Core/Src/gpio.c"
  18              		.section	.text.MX_GPIO_Init,"ax",%progbits
  19              		.align	1
  20              		.global	MX_GPIO_Init
  21              		.syntax unified
  22              		.thumb
  23              		.thumb_func
  25              	MX_GPIO_Init:
  26              	.LFB65:
   1:Core/Src/gpio.c **** /* USER CODE BEGIN Header */
   2:Core/Src/gpio.c **** /**
   3:Core/Src/gpio.c ****   ******************************************************************************
   4:Core/Src/gpio.c ****   * @file    gpio.c
   5:Core/Src/gpio.c ****   * @brief   This file provides code for the configuration
   6:Core/Src/gpio.c ****   *          of all used GPIO pins.
   7:Core/Src/gpio.c ****   ******************************************************************************
   8:Core/Src/gpio.c ****   * @attention
   9:Core/Src/gpio.c ****   *
  10:Core/Src/gpio.c ****   * Copyright (c) 2024 STMicroelectronics.
  11:Core/Src/gpio.c ****   * All rights reserved.
  12:Core/Src/gpio.c ****   *
  13:Core/Src/gpio.c ****   * This software is licensed under terms that can be found in the LICENSE file
  14:Core/Src/gpio.c ****   * in the root directory of this software component.
  15:Core/Src/gpio.c ****   * If no LICENSE file comes with this software, it is provided AS-IS.
  16:Core/Src/gpio.c ****   *
  17:Core/Src/gpio.c ****   ******************************************************************************
  18:Core/Src/gpio.c ****   */
  19:Core/Src/gpio.c **** /* USER CODE END Header */
  20:Core/Src/gpio.c **** 
  21:Core/Src/gpio.c **** /* Includes ------------------------------------------------------------------*/
  22:Core/Src/gpio.c **** #include "gpio.h"
  23:Core/Src/gpio.c **** 
  24:Core/Src/gpio.c **** /* USER CODE BEGIN 0 */
  25:Core/Src/gpio.c **** 
  26:Core/Src/gpio.c **** /* USER CODE END 0 */
  27:Core/Src/gpio.c **** 
  28:Core/Src/gpio.c **** /*----------------------------------------------------------------------------*/
  29:Core/Src/gpio.c **** /* Configure GPIO                                                             */
  30:Core/Src/gpio.c **** /*----------------------------------------------------------------------------*/
  31:Core/Src/gpio.c **** /* USER CODE BEGIN 1 */
  32:Core/Src/gpio.c **** 
ARM GAS  /tmp/ccQybeZR.s 			page 2


  33:Core/Src/gpio.c **** /* USER CODE END 1 */
  34:Core/Src/gpio.c **** 
  35:Core/Src/gpio.c **** /** Configure pins as
  36:Core/Src/gpio.c ****         * Analog
  37:Core/Src/gpio.c ****         * Input
  38:Core/Src/gpio.c ****         * Output
  39:Core/Src/gpio.c ****         * EVENT_OUT
  40:Core/Src/gpio.c ****         * EXTI
  41:Core/Src/gpio.c **** */
  42:Core/Src/gpio.c **** void MX_GPIO_Init(void)
  43:Core/Src/gpio.c **** {
  27              		.loc 1 43 1 view -0
  28              		.cfi_startproc
  29              		@ args = 0, pretend = 0, frame = 32
  30              		@ frame_needed = 0, uses_anonymous_args = 0
  31 0000 70B5     		push	{r4, r5, r6, lr}
  32              		.cfi_def_cfa_offset 16
  33              		.cfi_offset 4, -16
  34              		.cfi_offset 5, -12
  35              		.cfi_offset 6, -8
  36              		.cfi_offset 14, -4
  37 0002 88B0     		sub	sp, sp, #32
  38              		.cfi_def_cfa_offset 48
  44:Core/Src/gpio.c **** 
  45:Core/Src/gpio.c ****   GPIO_InitTypeDef GPIO_InitStruct = {0};
  39              		.loc 1 45 3 view .LVU1
  40              		.loc 1 45 20 is_stmt 0 view .LVU2
  41 0004 04AD     		add	r5, sp, #16
  42 0006 0024     		movs	r4, #0
  43 0008 0494     		str	r4, [sp, #16]
  44 000a 0594     		str	r4, [sp, #20]
  45 000c 0694     		str	r4, [sp, #24]
  46 000e 0794     		str	r4, [sp, #28]
  46:Core/Src/gpio.c **** 
  47:Core/Src/gpio.c ****   /* GPIO Ports Clock Enable */
  48:Core/Src/gpio.c ****   __HAL_RCC_GPIOD_CLK_ENABLE();
  47              		.loc 1 48 3 is_stmt 1 view .LVU3
  48              	.LBB2:
  49              		.loc 1 48 3 view .LVU4
  50              		.loc 1 48 3 view .LVU5
  51 0010 1C4B     		ldr	r3, .L3
  52 0012 9A69     		ldr	r2, [r3, #24]
  53 0014 42F02002 		orr	r2, r2, #32
  54 0018 9A61     		str	r2, [r3, #24]
  55              		.loc 1 48 3 view .LVU6
  56 001a 9A69     		ldr	r2, [r3, #24]
  57 001c 02F02002 		and	r2, r2, #32
  58 0020 0192     		str	r2, [sp, #4]
  59              		.loc 1 48 3 view .LVU7
  60 0022 019A     		ldr	r2, [sp, #4]
  61              	.LBE2:
  62              		.loc 1 48 3 view .LVU8
  49:Core/Src/gpio.c ****   __HAL_RCC_GPIOA_CLK_ENABLE();
  63              		.loc 1 49 3 view .LVU9
  64              	.LBB3:
  65              		.loc 1 49 3 view .LVU10
  66              		.loc 1 49 3 view .LVU11
ARM GAS  /tmp/ccQybeZR.s 			page 3


  67 0024 9A69     		ldr	r2, [r3, #24]
  68 0026 42F00402 		orr	r2, r2, #4
  69 002a 9A61     		str	r2, [r3, #24]
  70              		.loc 1 49 3 view .LVU12
  71 002c 9A69     		ldr	r2, [r3, #24]
  72 002e 02F00402 		and	r2, r2, #4
  73 0032 0292     		str	r2, [sp, #8]
  74              		.loc 1 49 3 view .LVU13
  75 0034 029A     		ldr	r2, [sp, #8]
  76              	.LBE3:
  77              		.loc 1 49 3 view .LVU14
  50:Core/Src/gpio.c ****   __HAL_RCC_GPIOB_CLK_ENABLE();
  78              		.loc 1 50 3 view .LVU15
  79              	.LBB4:
  80              		.loc 1 50 3 view .LVU16
  81              		.loc 1 50 3 view .LVU17
  82 0036 9A69     		ldr	r2, [r3, #24]
  83 0038 42F00802 		orr	r2, r2, #8
  84 003c 9A61     		str	r2, [r3, #24]
  85              		.loc 1 50 3 view .LVU18
  86 003e 9B69     		ldr	r3, [r3, #24]
  87 0040 03F00803 		and	r3, r3, #8
  88 0044 0393     		str	r3, [sp, #12]
  89              		.loc 1 50 3 view .LVU19
  90 0046 039B     		ldr	r3, [sp, #12]
  91              	.LBE4:
  92              		.loc 1 50 3 view .LVU20
  51:Core/Src/gpio.c **** 
  52:Core/Src/gpio.c ****   /*Configure GPIO pin Output Level */
  53:Core/Src/gpio.c ****   HAL_GPIO_WritePin(PD_SCK_GPIO_Port, PD_SCK_Pin, GPIO_PIN_RESET);
  93              		.loc 1 53 3 view .LVU21
  94 0048 0F4E     		ldr	r6, .L3+4
  95 004a 2246     		mov	r2, r4
  96 004c 4FF40071 		mov	r1, #512
  97 0050 3046     		mov	r0, r6
  98 0052 FFF7FEFF 		bl	HAL_GPIO_WritePin
  99              	.LVL0:
  54:Core/Src/gpio.c **** 
  55:Core/Src/gpio.c ****   /*Configure GPIO pins : PBPin PBPin PBPin PBPin
  56:Core/Src/gpio.c ****                            PBPin PBPin PBPin PBPin */
  57:Core/Src/gpio.c ****   GPIO_InitStruct.Pin = DOUT2_Pin|DOUT3_Pin|DOUT4_Pin|DOUT5_Pin
 100              		.loc 1 57 3 view .LVU22
 101              		.loc 1 57 23 is_stmt 0 view .LVU23
 102 0056 4FF47F43 		mov	r3, #65280
 103 005a 0493     		str	r3, [sp, #16]
  58:Core/Src/gpio.c ****                           |DOUT6_Pin|DOUT7_Pin|DOUT0_Pin|DOUT1_Pin;
  59:Core/Src/gpio.c ****   GPIO_InitStruct.Mode = GPIO_MODE_INPUT;
 104              		.loc 1 59 3 is_stmt 1 view .LVU24
 105              		.loc 1 59 24 is_stmt 0 view .LVU25
 106 005c 0594     		str	r4, [sp, #20]
  60:Core/Src/gpio.c ****   GPIO_InitStruct.Pull = GPIO_NOPULL;
 107              		.loc 1 60 3 is_stmt 1 view .LVU26
 108              		.loc 1 60 24 is_stmt 0 view .LVU27
 109 005e 0694     		str	r4, [sp, #24]
  61:Core/Src/gpio.c ****   HAL_GPIO_Init(GPIOB, &GPIO_InitStruct);
 110              		.loc 1 61 3 is_stmt 1 view .LVU28
 111 0060 2946     		mov	r1, r5
ARM GAS  /tmp/ccQybeZR.s 			page 4


 112 0062 0A48     		ldr	r0, .L3+8
 113 0064 FFF7FEFF 		bl	HAL_GPIO_Init
 114              	.LVL1:
  62:Core/Src/gpio.c **** 
  63:Core/Src/gpio.c ****   /*Configure GPIO pin : PtPin */
  64:Core/Src/gpio.c ****   GPIO_InitStruct.Pin = PD_SCK_Pin;
 115              		.loc 1 64 3 view .LVU29
 116              		.loc 1 64 23 is_stmt 0 view .LVU30
 117 0068 4FF40073 		mov	r3, #512
 118 006c 0493     		str	r3, [sp, #16]
  65:Core/Src/gpio.c ****   GPIO_InitStruct.Mode = GPIO_MODE_OUTPUT_PP;
 119              		.loc 1 65 3 is_stmt 1 view .LVU31
 120              		.loc 1 65 24 is_stmt 0 view .LVU32
 121 006e 0123     		movs	r3, #1
 122 0070 0593     		str	r3, [sp, #20]
  66:Core/Src/gpio.c ****   GPIO_InitStruct.Pull = GPIO_NOPULL;
 123              		.loc 1 66 3 is_stmt 1 view .LVU33
 124              		.loc 1 66 24 is_stmt 0 view .LVU34
 125 0072 0694     		str	r4, [sp, #24]
  67:Core/Src/gpio.c ****   GPIO_InitStruct.Speed = GPIO_SPEED_FREQ_LOW;
 126              		.loc 1 67 3 is_stmt 1 view .LVU35
 127              		.loc 1 67 25 is_stmt 0 view .LVU36
 128 0074 0223     		movs	r3, #2
 129 0076 0793     		str	r3, [sp, #28]
  68:Core/Src/gpio.c ****   HAL_GPIO_Init(PD_SCK_GPIO_Port, &GPIO_InitStruct);
 130              		.loc 1 68 3 is_stmt 1 view .LVU37
 131 0078 2946     		mov	r1, r5
 132 007a 3046     		mov	r0, r6
 133 007c FFF7FEFF 		bl	HAL_GPIO_Init
 134              	.LVL2:
  69:Core/Src/gpio.c **** 
  70:Core/Src/gpio.c **** }
 135              		.loc 1 70 1 is_stmt 0 view .LVU38
 136 0080 08B0     		add	sp, sp, #32
 137              		.cfi_def_cfa_offset 16
 138              		@ sp needed
 139 0082 70BD     		pop	{r4, r5, r6, pc}
 140              	.L4:
 141              		.align	2
 142              	.L3:
 143 0084 00100240 		.word	1073876992
 144 0088 00080140 		.word	1073809408
 145 008c 000C0140 		.word	1073810432
 146              		.cfi_endproc
 147              	.LFE65:
 149              		.text
 150              	.Letext0:
 151              		.file 2 "/usr/arm-none-eabi/include/machine/_default_types.h"
 152              		.file 3 "/usr/arm-none-eabi/include/sys/_stdint.h"
 153              		.file 4 "Drivers/CMSIS/Device/ST/STM32F1xx/Include/stm32f103xb.h"
 154              		.file 5 "Drivers/STM32F1xx_HAL_Driver/Inc/stm32f1xx_hal_gpio.h"
ARM GAS  /tmp/ccQybeZR.s 			page 5


DEFINED SYMBOLS
                            *ABS*:00000000 gpio.c
     /tmp/ccQybeZR.s:19     .text.MX_GPIO_Init:00000000 $t
     /tmp/ccQybeZR.s:25     .text.MX_GPIO_Init:00000000 MX_GPIO_Init
     /tmp/ccQybeZR.s:143    .text.MX_GPIO_Init:00000084 $d

UNDEFINED SYMBOLS
HAL_GPIO_WritePin
HAL_GPIO_Init
