ARM GAS  /tmp/cc69DcHy.s 			page 1


   1              		.cpu cortex-m3
   2              		.arch armv7-m
   3              		.fpu softvfp
   4              		.eabi_attribute 20, 1
   5              		.eabi_attribute 21, 1
   6              		.eabi_attribute 23, 3
   7              		.eabi_attribute 24, 1
   8              		.eabi_attribute 25, 1
   9              		.eabi_attribute 26, 1
  10              		.eabi_attribute 30, 1
  11              		.eabi_attribute 34, 1
  12              		.eabi_attribute 18, 4
  13              		.file	"stm32f1xx_hal_crc.c"
  14              		.text
  15              	.Ltext0:
  16              		.cfi_sections	.debug_frame
  17              		.file 1 "Drivers/STM32F1xx_HAL_Driver/Src/stm32f1xx_hal_crc.c"
  18              		.section	.text.HAL_CRC_MspInit,"ax",%progbits
  19              		.align	1
  20              		.weak	HAL_CRC_MspInit
  21              		.syntax unified
  22              		.thumb
  23              		.thumb_func
  25              	HAL_CRC_MspInit:
  26              	.LVL0:
  27              	.LFB67:
   1:Drivers/STM32F1xx_HAL_Driver/Src/stm32f1xx_hal_crc.c **** /**
   2:Drivers/STM32F1xx_HAL_Driver/Src/stm32f1xx_hal_crc.c ****   ******************************************************************************
   3:Drivers/STM32F1xx_HAL_Driver/Src/stm32f1xx_hal_crc.c ****   * @file    stm32f1xx_hal_crc.c
   4:Drivers/STM32F1xx_HAL_Driver/Src/stm32f1xx_hal_crc.c ****   * @author  MCD Application Team
   5:Drivers/STM32F1xx_HAL_Driver/Src/stm32f1xx_hal_crc.c ****   * @brief   CRC HAL module driver.
   6:Drivers/STM32F1xx_HAL_Driver/Src/stm32f1xx_hal_crc.c ****   *          This file provides firmware functions to manage the following
   7:Drivers/STM32F1xx_HAL_Driver/Src/stm32f1xx_hal_crc.c ****   *          functionalities of the Cyclic Redundancy Check (CRC) peripheral:
   8:Drivers/STM32F1xx_HAL_Driver/Src/stm32f1xx_hal_crc.c ****   *           + Initialization and de-initialization functions
   9:Drivers/STM32F1xx_HAL_Driver/Src/stm32f1xx_hal_crc.c ****   *           + Peripheral Control functions
  10:Drivers/STM32F1xx_HAL_Driver/Src/stm32f1xx_hal_crc.c ****   *           + Peripheral State functions
  11:Drivers/STM32F1xx_HAL_Driver/Src/stm32f1xx_hal_crc.c ****   *
  12:Drivers/STM32F1xx_HAL_Driver/Src/stm32f1xx_hal_crc.c ****   ******************************************************************************
  13:Drivers/STM32F1xx_HAL_Driver/Src/stm32f1xx_hal_crc.c ****   * @attention
  14:Drivers/STM32F1xx_HAL_Driver/Src/stm32f1xx_hal_crc.c ****   *
  15:Drivers/STM32F1xx_HAL_Driver/Src/stm32f1xx_hal_crc.c ****   * Copyright (c) 2016 STMicroelectronics.
  16:Drivers/STM32F1xx_HAL_Driver/Src/stm32f1xx_hal_crc.c ****   * All rights reserved.
  17:Drivers/STM32F1xx_HAL_Driver/Src/stm32f1xx_hal_crc.c ****   *
  18:Drivers/STM32F1xx_HAL_Driver/Src/stm32f1xx_hal_crc.c ****   * This software is licensed under terms that can be found in the LICENSE file
  19:Drivers/STM32F1xx_HAL_Driver/Src/stm32f1xx_hal_crc.c ****   * in the root directory of this software component.
  20:Drivers/STM32F1xx_HAL_Driver/Src/stm32f1xx_hal_crc.c ****   * If no LICENSE file comes with this software, it is provided AS-IS.
  21:Drivers/STM32F1xx_HAL_Driver/Src/stm32f1xx_hal_crc.c ****   *
  22:Drivers/STM32F1xx_HAL_Driver/Src/stm32f1xx_hal_crc.c ****   ******************************************************************************
  23:Drivers/STM32F1xx_HAL_Driver/Src/stm32f1xx_hal_crc.c ****   @verbatim
  24:Drivers/STM32F1xx_HAL_Driver/Src/stm32f1xx_hal_crc.c ****  ===============================================================================
  25:Drivers/STM32F1xx_HAL_Driver/Src/stm32f1xx_hal_crc.c ****                      ##### How to use this driver #####
  26:Drivers/STM32F1xx_HAL_Driver/Src/stm32f1xx_hal_crc.c ****  ===============================================================================
  27:Drivers/STM32F1xx_HAL_Driver/Src/stm32f1xx_hal_crc.c ****     [..]
  28:Drivers/STM32F1xx_HAL_Driver/Src/stm32f1xx_hal_crc.c ****          (+) Enable CRC AHB clock using __HAL_RCC_CRC_CLK_ENABLE();
  29:Drivers/STM32F1xx_HAL_Driver/Src/stm32f1xx_hal_crc.c ****          (+) Initialize CRC calculator
  30:Drivers/STM32F1xx_HAL_Driver/Src/stm32f1xx_hal_crc.c ****              (++) specify generating polynomial (peripheral default or non-default one)
  31:Drivers/STM32F1xx_HAL_Driver/Src/stm32f1xx_hal_crc.c ****              (++) specify initialization value (peripheral default or non-default one)
ARM GAS  /tmp/cc69DcHy.s 			page 2


  32:Drivers/STM32F1xx_HAL_Driver/Src/stm32f1xx_hal_crc.c ****              (++) specify input data format
  33:Drivers/STM32F1xx_HAL_Driver/Src/stm32f1xx_hal_crc.c ****              (++) specify input or output data inversion mode if any
  34:Drivers/STM32F1xx_HAL_Driver/Src/stm32f1xx_hal_crc.c ****          (+) Use HAL_CRC_Accumulate() function to compute the CRC value of the
  35:Drivers/STM32F1xx_HAL_Driver/Src/stm32f1xx_hal_crc.c ****              input data buffer starting with the previously computed CRC as
  36:Drivers/STM32F1xx_HAL_Driver/Src/stm32f1xx_hal_crc.c ****              initialization value
  37:Drivers/STM32F1xx_HAL_Driver/Src/stm32f1xx_hal_crc.c ****          (+) Use HAL_CRC_Calculate() function to compute the CRC value of the
  38:Drivers/STM32F1xx_HAL_Driver/Src/stm32f1xx_hal_crc.c ****              input data buffer starting with the defined initialization value
  39:Drivers/STM32F1xx_HAL_Driver/Src/stm32f1xx_hal_crc.c ****              (default or non-default) to initiate CRC calculation
  40:Drivers/STM32F1xx_HAL_Driver/Src/stm32f1xx_hal_crc.c **** 
  41:Drivers/STM32F1xx_HAL_Driver/Src/stm32f1xx_hal_crc.c ****   @endverbatim
  42:Drivers/STM32F1xx_HAL_Driver/Src/stm32f1xx_hal_crc.c ****   ******************************************************************************
  43:Drivers/STM32F1xx_HAL_Driver/Src/stm32f1xx_hal_crc.c ****   */
  44:Drivers/STM32F1xx_HAL_Driver/Src/stm32f1xx_hal_crc.c **** 
  45:Drivers/STM32F1xx_HAL_Driver/Src/stm32f1xx_hal_crc.c **** /* Includes ------------------------------------------------------------------*/
  46:Drivers/STM32F1xx_HAL_Driver/Src/stm32f1xx_hal_crc.c **** #include "stm32f1xx_hal.h"
  47:Drivers/STM32F1xx_HAL_Driver/Src/stm32f1xx_hal_crc.c **** 
  48:Drivers/STM32F1xx_HAL_Driver/Src/stm32f1xx_hal_crc.c **** /** @addtogroup STM32F1xx_HAL_Driver
  49:Drivers/STM32F1xx_HAL_Driver/Src/stm32f1xx_hal_crc.c ****   * @{
  50:Drivers/STM32F1xx_HAL_Driver/Src/stm32f1xx_hal_crc.c ****   */
  51:Drivers/STM32F1xx_HAL_Driver/Src/stm32f1xx_hal_crc.c **** 
  52:Drivers/STM32F1xx_HAL_Driver/Src/stm32f1xx_hal_crc.c **** /** @defgroup CRC CRC
  53:Drivers/STM32F1xx_HAL_Driver/Src/stm32f1xx_hal_crc.c ****   * @brief CRC HAL module driver.
  54:Drivers/STM32F1xx_HAL_Driver/Src/stm32f1xx_hal_crc.c ****   * @{
  55:Drivers/STM32F1xx_HAL_Driver/Src/stm32f1xx_hal_crc.c ****   */
  56:Drivers/STM32F1xx_HAL_Driver/Src/stm32f1xx_hal_crc.c **** 
  57:Drivers/STM32F1xx_HAL_Driver/Src/stm32f1xx_hal_crc.c **** #ifdef HAL_CRC_MODULE_ENABLED
  58:Drivers/STM32F1xx_HAL_Driver/Src/stm32f1xx_hal_crc.c **** 
  59:Drivers/STM32F1xx_HAL_Driver/Src/stm32f1xx_hal_crc.c **** /* Private typedef -----------------------------------------------------------*/
  60:Drivers/STM32F1xx_HAL_Driver/Src/stm32f1xx_hal_crc.c **** /* Private define ------------------------------------------------------------*/
  61:Drivers/STM32F1xx_HAL_Driver/Src/stm32f1xx_hal_crc.c **** /* Private macro -------------------------------------------------------------*/
  62:Drivers/STM32F1xx_HAL_Driver/Src/stm32f1xx_hal_crc.c **** /* Private variables ---------------------------------------------------------*/
  63:Drivers/STM32F1xx_HAL_Driver/Src/stm32f1xx_hal_crc.c **** /* Private function prototypes -----------------------------------------------*/
  64:Drivers/STM32F1xx_HAL_Driver/Src/stm32f1xx_hal_crc.c **** 
  65:Drivers/STM32F1xx_HAL_Driver/Src/stm32f1xx_hal_crc.c **** /* Exported functions --------------------------------------------------------*/
  66:Drivers/STM32F1xx_HAL_Driver/Src/stm32f1xx_hal_crc.c **** 
  67:Drivers/STM32F1xx_HAL_Driver/Src/stm32f1xx_hal_crc.c **** /** @defgroup CRC_Exported_Functions CRC Exported Functions
  68:Drivers/STM32F1xx_HAL_Driver/Src/stm32f1xx_hal_crc.c ****   * @{
  69:Drivers/STM32F1xx_HAL_Driver/Src/stm32f1xx_hal_crc.c ****   */
  70:Drivers/STM32F1xx_HAL_Driver/Src/stm32f1xx_hal_crc.c **** 
  71:Drivers/STM32F1xx_HAL_Driver/Src/stm32f1xx_hal_crc.c **** /** @defgroup CRC_Exported_Functions_Group1 Initialization and de-initialization functions
  72:Drivers/STM32F1xx_HAL_Driver/Src/stm32f1xx_hal_crc.c ****   *  @brief    Initialization and Configuration functions.
  73:Drivers/STM32F1xx_HAL_Driver/Src/stm32f1xx_hal_crc.c ****   *
  74:Drivers/STM32F1xx_HAL_Driver/Src/stm32f1xx_hal_crc.c **** @verbatim
  75:Drivers/STM32F1xx_HAL_Driver/Src/stm32f1xx_hal_crc.c ****  ===============================================================================
  76:Drivers/STM32F1xx_HAL_Driver/Src/stm32f1xx_hal_crc.c ****             ##### Initialization and de-initialization functions #####
  77:Drivers/STM32F1xx_HAL_Driver/Src/stm32f1xx_hal_crc.c ****  ===============================================================================
  78:Drivers/STM32F1xx_HAL_Driver/Src/stm32f1xx_hal_crc.c ****     [..]  This section provides functions allowing to:
  79:Drivers/STM32F1xx_HAL_Driver/Src/stm32f1xx_hal_crc.c ****       (+) Initialize the CRC according to the specified parameters
  80:Drivers/STM32F1xx_HAL_Driver/Src/stm32f1xx_hal_crc.c ****           in the CRC_InitTypeDef and create the associated handle
  81:Drivers/STM32F1xx_HAL_Driver/Src/stm32f1xx_hal_crc.c ****       (+) DeInitialize the CRC peripheral
  82:Drivers/STM32F1xx_HAL_Driver/Src/stm32f1xx_hal_crc.c ****       (+) Initialize the CRC MSP (MCU Specific Package)
  83:Drivers/STM32F1xx_HAL_Driver/Src/stm32f1xx_hal_crc.c ****       (+) DeInitialize the CRC MSP
  84:Drivers/STM32F1xx_HAL_Driver/Src/stm32f1xx_hal_crc.c **** 
  85:Drivers/STM32F1xx_HAL_Driver/Src/stm32f1xx_hal_crc.c **** @endverbatim
  86:Drivers/STM32F1xx_HAL_Driver/Src/stm32f1xx_hal_crc.c ****   * @{
  87:Drivers/STM32F1xx_HAL_Driver/Src/stm32f1xx_hal_crc.c ****   */
  88:Drivers/STM32F1xx_HAL_Driver/Src/stm32f1xx_hal_crc.c **** 
ARM GAS  /tmp/cc69DcHy.s 			page 3


  89:Drivers/STM32F1xx_HAL_Driver/Src/stm32f1xx_hal_crc.c **** /**
  90:Drivers/STM32F1xx_HAL_Driver/Src/stm32f1xx_hal_crc.c ****   * @brief  Initialize the CRC according to the specified
  91:Drivers/STM32F1xx_HAL_Driver/Src/stm32f1xx_hal_crc.c ****   *         parameters in the CRC_InitTypeDef and create the associated handle.
  92:Drivers/STM32F1xx_HAL_Driver/Src/stm32f1xx_hal_crc.c ****   * @param  hcrc CRC handle
  93:Drivers/STM32F1xx_HAL_Driver/Src/stm32f1xx_hal_crc.c ****   * @retval HAL status
  94:Drivers/STM32F1xx_HAL_Driver/Src/stm32f1xx_hal_crc.c ****   */
  95:Drivers/STM32F1xx_HAL_Driver/Src/stm32f1xx_hal_crc.c **** HAL_StatusTypeDef HAL_CRC_Init(CRC_HandleTypeDef *hcrc)
  96:Drivers/STM32F1xx_HAL_Driver/Src/stm32f1xx_hal_crc.c **** {
  97:Drivers/STM32F1xx_HAL_Driver/Src/stm32f1xx_hal_crc.c ****   /* Check the CRC handle allocation */
  98:Drivers/STM32F1xx_HAL_Driver/Src/stm32f1xx_hal_crc.c ****   if (hcrc == NULL)
  99:Drivers/STM32F1xx_HAL_Driver/Src/stm32f1xx_hal_crc.c ****   {
 100:Drivers/STM32F1xx_HAL_Driver/Src/stm32f1xx_hal_crc.c ****     return HAL_ERROR;
 101:Drivers/STM32F1xx_HAL_Driver/Src/stm32f1xx_hal_crc.c ****   }
 102:Drivers/STM32F1xx_HAL_Driver/Src/stm32f1xx_hal_crc.c **** 
 103:Drivers/STM32F1xx_HAL_Driver/Src/stm32f1xx_hal_crc.c ****   /* Check the parameters */
 104:Drivers/STM32F1xx_HAL_Driver/Src/stm32f1xx_hal_crc.c ****   assert_param(IS_CRC_ALL_INSTANCE(hcrc->Instance));
 105:Drivers/STM32F1xx_HAL_Driver/Src/stm32f1xx_hal_crc.c **** 
 106:Drivers/STM32F1xx_HAL_Driver/Src/stm32f1xx_hal_crc.c ****   if (hcrc->State == HAL_CRC_STATE_RESET)
 107:Drivers/STM32F1xx_HAL_Driver/Src/stm32f1xx_hal_crc.c ****   {
 108:Drivers/STM32F1xx_HAL_Driver/Src/stm32f1xx_hal_crc.c ****     /* Allocate lock resource and initialize it */
 109:Drivers/STM32F1xx_HAL_Driver/Src/stm32f1xx_hal_crc.c ****     hcrc->Lock = HAL_UNLOCKED;
 110:Drivers/STM32F1xx_HAL_Driver/Src/stm32f1xx_hal_crc.c ****     /* Init the low level hardware */
 111:Drivers/STM32F1xx_HAL_Driver/Src/stm32f1xx_hal_crc.c ****     HAL_CRC_MspInit(hcrc);
 112:Drivers/STM32F1xx_HAL_Driver/Src/stm32f1xx_hal_crc.c ****   }
 113:Drivers/STM32F1xx_HAL_Driver/Src/stm32f1xx_hal_crc.c **** 
 114:Drivers/STM32F1xx_HAL_Driver/Src/stm32f1xx_hal_crc.c ****   /* Change CRC peripheral state */
 115:Drivers/STM32F1xx_HAL_Driver/Src/stm32f1xx_hal_crc.c ****   hcrc->State = HAL_CRC_STATE_READY;
 116:Drivers/STM32F1xx_HAL_Driver/Src/stm32f1xx_hal_crc.c **** 
 117:Drivers/STM32F1xx_HAL_Driver/Src/stm32f1xx_hal_crc.c ****   /* Return function status */
 118:Drivers/STM32F1xx_HAL_Driver/Src/stm32f1xx_hal_crc.c ****   return HAL_OK;
 119:Drivers/STM32F1xx_HAL_Driver/Src/stm32f1xx_hal_crc.c **** }
 120:Drivers/STM32F1xx_HAL_Driver/Src/stm32f1xx_hal_crc.c **** 
 121:Drivers/STM32F1xx_HAL_Driver/Src/stm32f1xx_hal_crc.c **** /**
 122:Drivers/STM32F1xx_HAL_Driver/Src/stm32f1xx_hal_crc.c ****   * @brief  DeInitialize the CRC peripheral.
 123:Drivers/STM32F1xx_HAL_Driver/Src/stm32f1xx_hal_crc.c ****   * @param  hcrc CRC handle
 124:Drivers/STM32F1xx_HAL_Driver/Src/stm32f1xx_hal_crc.c ****   * @retval HAL status
 125:Drivers/STM32F1xx_HAL_Driver/Src/stm32f1xx_hal_crc.c ****   */
 126:Drivers/STM32F1xx_HAL_Driver/Src/stm32f1xx_hal_crc.c **** HAL_StatusTypeDef HAL_CRC_DeInit(CRC_HandleTypeDef *hcrc)
 127:Drivers/STM32F1xx_HAL_Driver/Src/stm32f1xx_hal_crc.c **** {
 128:Drivers/STM32F1xx_HAL_Driver/Src/stm32f1xx_hal_crc.c ****   /* Check the CRC handle allocation */
 129:Drivers/STM32F1xx_HAL_Driver/Src/stm32f1xx_hal_crc.c ****   if (hcrc == NULL)
 130:Drivers/STM32F1xx_HAL_Driver/Src/stm32f1xx_hal_crc.c ****   {
 131:Drivers/STM32F1xx_HAL_Driver/Src/stm32f1xx_hal_crc.c ****     return HAL_ERROR;
 132:Drivers/STM32F1xx_HAL_Driver/Src/stm32f1xx_hal_crc.c ****   }
 133:Drivers/STM32F1xx_HAL_Driver/Src/stm32f1xx_hal_crc.c **** 
 134:Drivers/STM32F1xx_HAL_Driver/Src/stm32f1xx_hal_crc.c ****   /* Check the parameters */
 135:Drivers/STM32F1xx_HAL_Driver/Src/stm32f1xx_hal_crc.c ****   assert_param(IS_CRC_ALL_INSTANCE(hcrc->Instance));
 136:Drivers/STM32F1xx_HAL_Driver/Src/stm32f1xx_hal_crc.c **** 
 137:Drivers/STM32F1xx_HAL_Driver/Src/stm32f1xx_hal_crc.c ****   /* Check the CRC peripheral state */
 138:Drivers/STM32F1xx_HAL_Driver/Src/stm32f1xx_hal_crc.c ****   if (hcrc->State == HAL_CRC_STATE_BUSY)
 139:Drivers/STM32F1xx_HAL_Driver/Src/stm32f1xx_hal_crc.c ****   {
 140:Drivers/STM32F1xx_HAL_Driver/Src/stm32f1xx_hal_crc.c ****     return HAL_BUSY;
 141:Drivers/STM32F1xx_HAL_Driver/Src/stm32f1xx_hal_crc.c ****   }
 142:Drivers/STM32F1xx_HAL_Driver/Src/stm32f1xx_hal_crc.c **** 
 143:Drivers/STM32F1xx_HAL_Driver/Src/stm32f1xx_hal_crc.c ****   /* Change CRC peripheral state */
 144:Drivers/STM32F1xx_HAL_Driver/Src/stm32f1xx_hal_crc.c ****   hcrc->State = HAL_CRC_STATE_BUSY;
 145:Drivers/STM32F1xx_HAL_Driver/Src/stm32f1xx_hal_crc.c **** 
ARM GAS  /tmp/cc69DcHy.s 			page 4


 146:Drivers/STM32F1xx_HAL_Driver/Src/stm32f1xx_hal_crc.c ****   /* Reset CRC calculation unit */
 147:Drivers/STM32F1xx_HAL_Driver/Src/stm32f1xx_hal_crc.c ****   __HAL_CRC_DR_RESET(hcrc);
 148:Drivers/STM32F1xx_HAL_Driver/Src/stm32f1xx_hal_crc.c **** 
 149:Drivers/STM32F1xx_HAL_Driver/Src/stm32f1xx_hal_crc.c ****   /* Reset IDR register content */
 150:Drivers/STM32F1xx_HAL_Driver/Src/stm32f1xx_hal_crc.c ****   __HAL_CRC_SET_IDR(hcrc, 0);
 151:Drivers/STM32F1xx_HAL_Driver/Src/stm32f1xx_hal_crc.c **** 
 152:Drivers/STM32F1xx_HAL_Driver/Src/stm32f1xx_hal_crc.c ****   /* DeInit the low level hardware */
 153:Drivers/STM32F1xx_HAL_Driver/Src/stm32f1xx_hal_crc.c ****   HAL_CRC_MspDeInit(hcrc);
 154:Drivers/STM32F1xx_HAL_Driver/Src/stm32f1xx_hal_crc.c **** 
 155:Drivers/STM32F1xx_HAL_Driver/Src/stm32f1xx_hal_crc.c ****   /* Change CRC peripheral state */
 156:Drivers/STM32F1xx_HAL_Driver/Src/stm32f1xx_hal_crc.c ****   hcrc->State = HAL_CRC_STATE_RESET;
 157:Drivers/STM32F1xx_HAL_Driver/Src/stm32f1xx_hal_crc.c **** 
 158:Drivers/STM32F1xx_HAL_Driver/Src/stm32f1xx_hal_crc.c ****   /* Process unlocked */
 159:Drivers/STM32F1xx_HAL_Driver/Src/stm32f1xx_hal_crc.c ****   __HAL_UNLOCK(hcrc);
 160:Drivers/STM32F1xx_HAL_Driver/Src/stm32f1xx_hal_crc.c **** 
 161:Drivers/STM32F1xx_HAL_Driver/Src/stm32f1xx_hal_crc.c ****   /* Return function status */
 162:Drivers/STM32F1xx_HAL_Driver/Src/stm32f1xx_hal_crc.c ****   return HAL_OK;
 163:Drivers/STM32F1xx_HAL_Driver/Src/stm32f1xx_hal_crc.c **** }
 164:Drivers/STM32F1xx_HAL_Driver/Src/stm32f1xx_hal_crc.c **** 
 165:Drivers/STM32F1xx_HAL_Driver/Src/stm32f1xx_hal_crc.c **** /**
 166:Drivers/STM32F1xx_HAL_Driver/Src/stm32f1xx_hal_crc.c ****   * @brief  Initializes the CRC MSP.
 167:Drivers/STM32F1xx_HAL_Driver/Src/stm32f1xx_hal_crc.c ****   * @param  hcrc CRC handle
 168:Drivers/STM32F1xx_HAL_Driver/Src/stm32f1xx_hal_crc.c ****   * @retval None
 169:Drivers/STM32F1xx_HAL_Driver/Src/stm32f1xx_hal_crc.c ****   */
 170:Drivers/STM32F1xx_HAL_Driver/Src/stm32f1xx_hal_crc.c **** __weak void HAL_CRC_MspInit(CRC_HandleTypeDef *hcrc)
 171:Drivers/STM32F1xx_HAL_Driver/Src/stm32f1xx_hal_crc.c **** {
  28              		.loc 1 171 1 view -0
  29              		.cfi_startproc
  30              		@ args = 0, pretend = 0, frame = 0
  31              		@ frame_needed = 0, uses_anonymous_args = 0
  32              		@ link register save eliminated.
 172:Drivers/STM32F1xx_HAL_Driver/Src/stm32f1xx_hal_crc.c ****   /* Prevent unused argument(s) compilation warning */
 173:Drivers/STM32F1xx_HAL_Driver/Src/stm32f1xx_hal_crc.c ****   UNUSED(hcrc);
  33              		.loc 1 173 3 view .LVU1
 174:Drivers/STM32F1xx_HAL_Driver/Src/stm32f1xx_hal_crc.c **** 
 175:Drivers/STM32F1xx_HAL_Driver/Src/stm32f1xx_hal_crc.c ****   /* NOTE : This function should not be modified, when the callback is needed,
 176:Drivers/STM32F1xx_HAL_Driver/Src/stm32f1xx_hal_crc.c ****             the HAL_CRC_MspInit can be implemented in the user file
 177:Drivers/STM32F1xx_HAL_Driver/Src/stm32f1xx_hal_crc.c ****    */
 178:Drivers/STM32F1xx_HAL_Driver/Src/stm32f1xx_hal_crc.c **** }
  34              		.loc 1 178 1 is_stmt 0 view .LVU2
  35 0000 7047     		bx	lr
  36              		.cfi_endproc
  37              	.LFE67:
  39              		.section	.text.HAL_CRC_Init,"ax",%progbits
  40              		.align	1
  41              		.global	HAL_CRC_Init
  42              		.syntax unified
  43              		.thumb
  44              		.thumb_func
  46              	HAL_CRC_Init:
  47              	.LVL1:
  48              	.LFB65:
  96:Drivers/STM32F1xx_HAL_Driver/Src/stm32f1xx_hal_crc.c ****   /* Check the CRC handle allocation */
  49              		.loc 1 96 1 is_stmt 1 view -0
  50              		.cfi_startproc
  51              		@ args = 0, pretend = 0, frame = 0
  52              		@ frame_needed = 0, uses_anonymous_args = 0
ARM GAS  /tmp/cc69DcHy.s 			page 5


  98:Drivers/STM32F1xx_HAL_Driver/Src/stm32f1xx_hal_crc.c ****   {
  53              		.loc 1 98 3 view .LVU4
  98:Drivers/STM32F1xx_HAL_Driver/Src/stm32f1xx_hal_crc.c ****   {
  54              		.loc 1 98 6 is_stmt 0 view .LVU5
  55 0000 58B1     		cbz	r0, .L5
  96:Drivers/STM32F1xx_HAL_Driver/Src/stm32f1xx_hal_crc.c ****   /* Check the CRC handle allocation */
  56              		.loc 1 96 1 view .LVU6
  57 0002 10B5     		push	{r4, lr}
  58              		.cfi_def_cfa_offset 8
  59              		.cfi_offset 4, -8
  60              		.cfi_offset 14, -4
  61 0004 0446     		mov	r4, r0
 104:Drivers/STM32F1xx_HAL_Driver/Src/stm32f1xx_hal_crc.c **** 
  62              		.loc 1 104 3 is_stmt 1 view .LVU7
 106:Drivers/STM32F1xx_HAL_Driver/Src/stm32f1xx_hal_crc.c ****   {
  63              		.loc 1 106 3 view .LVU8
 106:Drivers/STM32F1xx_HAL_Driver/Src/stm32f1xx_hal_crc.c ****   {
  64              		.loc 1 106 11 is_stmt 0 view .LVU9
  65 0006 4379     		ldrb	r3, [r0, #5]	@ zero_extendqisi2
 106:Drivers/STM32F1xx_HAL_Driver/Src/stm32f1xx_hal_crc.c ****   {
  66              		.loc 1 106 6 view .LVU10
  67 0008 1BB1     		cbz	r3, .L10
  68              	.LVL2:
  69              	.L4:
 115:Drivers/STM32F1xx_HAL_Driver/Src/stm32f1xx_hal_crc.c **** 
  70              		.loc 1 115 3 is_stmt 1 view .LVU11
 115:Drivers/STM32F1xx_HAL_Driver/Src/stm32f1xx_hal_crc.c **** 
  71              		.loc 1 115 15 is_stmt 0 view .LVU12
  72 000a 0123     		movs	r3, #1
  73 000c 6371     		strb	r3, [r4, #5]
 118:Drivers/STM32F1xx_HAL_Driver/Src/stm32f1xx_hal_crc.c **** }
  74              		.loc 1 118 3 is_stmt 1 view .LVU13
 118:Drivers/STM32F1xx_HAL_Driver/Src/stm32f1xx_hal_crc.c **** }
  75              		.loc 1 118 10 is_stmt 0 view .LVU14
  76 000e 0020     		movs	r0, #0
 119:Drivers/STM32F1xx_HAL_Driver/Src/stm32f1xx_hal_crc.c **** 
  77              		.loc 1 119 1 view .LVU15
  78 0010 10BD     		pop	{r4, pc}
  79              	.LVL3:
  80              	.L10:
 109:Drivers/STM32F1xx_HAL_Driver/Src/stm32f1xx_hal_crc.c ****     /* Init the low level hardware */
  81              		.loc 1 109 5 is_stmt 1 view .LVU16
 109:Drivers/STM32F1xx_HAL_Driver/Src/stm32f1xx_hal_crc.c ****     /* Init the low level hardware */
  82              		.loc 1 109 16 is_stmt 0 view .LVU17
  83 0012 0371     		strb	r3, [r0, #4]
 111:Drivers/STM32F1xx_HAL_Driver/Src/stm32f1xx_hal_crc.c ****   }
  84              		.loc 1 111 5 is_stmt 1 view .LVU18
  85 0014 FFF7FEFF 		bl	HAL_CRC_MspInit
  86              	.LVL4:
 111:Drivers/STM32F1xx_HAL_Driver/Src/stm32f1xx_hal_crc.c ****   }
  87              		.loc 1 111 5 is_stmt 0 view .LVU19
  88 0018 F7E7     		b	.L4
  89              	.LVL5:
  90              	.L5:
  91              		.cfi_def_cfa_offset 0
  92              		.cfi_restore 4
  93              		.cfi_restore 14
ARM GAS  /tmp/cc69DcHy.s 			page 6


 100:Drivers/STM32F1xx_HAL_Driver/Src/stm32f1xx_hal_crc.c ****   }
  94              		.loc 1 100 12 view .LVU20
  95 001a 0120     		movs	r0, #1
  96              	.LVL6:
 119:Drivers/STM32F1xx_HAL_Driver/Src/stm32f1xx_hal_crc.c **** 
  97              		.loc 1 119 1 view .LVU21
  98 001c 7047     		bx	lr
  99              		.cfi_endproc
 100              	.LFE65:
 102              		.section	.text.HAL_CRC_MspDeInit,"ax",%progbits
 103              		.align	1
 104              		.weak	HAL_CRC_MspDeInit
 105              		.syntax unified
 106              		.thumb
 107              		.thumb_func
 109              	HAL_CRC_MspDeInit:
 110              	.LVL7:
 111              	.LFB68:
 179:Drivers/STM32F1xx_HAL_Driver/Src/stm32f1xx_hal_crc.c **** 
 180:Drivers/STM32F1xx_HAL_Driver/Src/stm32f1xx_hal_crc.c **** /**
 181:Drivers/STM32F1xx_HAL_Driver/Src/stm32f1xx_hal_crc.c ****   * @brief  DeInitialize the CRC MSP.
 182:Drivers/STM32F1xx_HAL_Driver/Src/stm32f1xx_hal_crc.c ****   * @param  hcrc CRC handle
 183:Drivers/STM32F1xx_HAL_Driver/Src/stm32f1xx_hal_crc.c ****   * @retval None
 184:Drivers/STM32F1xx_HAL_Driver/Src/stm32f1xx_hal_crc.c ****   */
 185:Drivers/STM32F1xx_HAL_Driver/Src/stm32f1xx_hal_crc.c **** __weak void HAL_CRC_MspDeInit(CRC_HandleTypeDef *hcrc)
 186:Drivers/STM32F1xx_HAL_Driver/Src/stm32f1xx_hal_crc.c **** {
 112              		.loc 1 186 1 is_stmt 1 view -0
 113              		.cfi_startproc
 114              		@ args = 0, pretend = 0, frame = 0
 115              		@ frame_needed = 0, uses_anonymous_args = 0
 116              		@ link register save eliminated.
 187:Drivers/STM32F1xx_HAL_Driver/Src/stm32f1xx_hal_crc.c ****   /* Prevent unused argument(s) compilation warning */
 188:Drivers/STM32F1xx_HAL_Driver/Src/stm32f1xx_hal_crc.c ****   UNUSED(hcrc);
 117              		.loc 1 188 3 view .LVU23
 189:Drivers/STM32F1xx_HAL_Driver/Src/stm32f1xx_hal_crc.c **** 
 190:Drivers/STM32F1xx_HAL_Driver/Src/stm32f1xx_hal_crc.c ****   /* NOTE : This function should not be modified, when the callback is needed,
 191:Drivers/STM32F1xx_HAL_Driver/Src/stm32f1xx_hal_crc.c ****             the HAL_CRC_MspDeInit can be implemented in the user file
 192:Drivers/STM32F1xx_HAL_Driver/Src/stm32f1xx_hal_crc.c ****    */
 193:Drivers/STM32F1xx_HAL_Driver/Src/stm32f1xx_hal_crc.c **** }
 118              		.loc 1 193 1 is_stmt 0 view .LVU24
 119 0000 7047     		bx	lr
 120              		.cfi_endproc
 121              	.LFE68:
 123              		.section	.text.HAL_CRC_DeInit,"ax",%progbits
 124              		.align	1
 125              		.global	HAL_CRC_DeInit
 126              		.syntax unified
 127              		.thumb
 128              		.thumb_func
 130              	HAL_CRC_DeInit:
 131              	.LVL8:
 132              	.LFB66:
 127:Drivers/STM32F1xx_HAL_Driver/Src/stm32f1xx_hal_crc.c ****   /* Check the CRC handle allocation */
 133              		.loc 1 127 1 is_stmt 1 view -0
 134              		.cfi_startproc
 135              		@ args = 0, pretend = 0, frame = 0
 136              		@ frame_needed = 0, uses_anonymous_args = 0
ARM GAS  /tmp/cc69DcHy.s 			page 7


 129:Drivers/STM32F1xx_HAL_Driver/Src/stm32f1xx_hal_crc.c ****   {
 137              		.loc 1 129 3 view .LVU26
 129:Drivers/STM32F1xx_HAL_Driver/Src/stm32f1xx_hal_crc.c ****   {
 138              		.loc 1 129 6 is_stmt 0 view .LVU27
 139 0000 B0B1     		cbz	r0, .L14
 127:Drivers/STM32F1xx_HAL_Driver/Src/stm32f1xx_hal_crc.c ****   /* Check the CRC handle allocation */
 140              		.loc 1 127 1 view .LVU28
 141 0002 38B5     		push	{r3, r4, r5, lr}
 142              		.cfi_def_cfa_offset 16
 143              		.cfi_offset 3, -16
 144              		.cfi_offset 4, -12
 145              		.cfi_offset 5, -8
 146              		.cfi_offset 14, -4
 147 0004 0546     		mov	r5, r0
 135:Drivers/STM32F1xx_HAL_Driver/Src/stm32f1xx_hal_crc.c **** 
 148              		.loc 1 135 3 is_stmt 1 view .LVU29
 138:Drivers/STM32F1xx_HAL_Driver/Src/stm32f1xx_hal_crc.c ****   {
 149              		.loc 1 138 3 view .LVU30
 138:Drivers/STM32F1xx_HAL_Driver/Src/stm32f1xx_hal_crc.c ****   {
 150              		.loc 1 138 11 is_stmt 0 view .LVU31
 151 0006 4379     		ldrb	r3, [r0, #5]	@ zero_extendqisi2
 152 0008 D8B2     		uxtb	r0, r3
 153              	.LVL9:
 138:Drivers/STM32F1xx_HAL_Driver/Src/stm32f1xx_hal_crc.c ****   {
 154              		.loc 1 138 6 view .LVU32
 155 000a 022B     		cmp	r3, #2
 156 000c 0FD0     		beq	.L13
 144:Drivers/STM32F1xx_HAL_Driver/Src/stm32f1xx_hal_crc.c **** 
 157              		.loc 1 144 3 is_stmt 1 view .LVU33
 144:Drivers/STM32F1xx_HAL_Driver/Src/stm32f1xx_hal_crc.c **** 
 158              		.loc 1 144 15 is_stmt 0 view .LVU34
 159 000e 0223     		movs	r3, #2
 160 0010 6B71     		strb	r3, [r5, #5]
 147:Drivers/STM32F1xx_HAL_Driver/Src/stm32f1xx_hal_crc.c **** 
 161              		.loc 1 147 3 is_stmt 1 view .LVU35
 162 0012 2A68     		ldr	r2, [r5]
 163 0014 9368     		ldr	r3, [r2, #8]
 164 0016 43F00103 		orr	r3, r3, #1
 165 001a 9360     		str	r3, [r2, #8]
 150:Drivers/STM32F1xx_HAL_Driver/Src/stm32f1xx_hal_crc.c **** 
 166              		.loc 1 150 3 view .LVU36
 167 001c 2B68     		ldr	r3, [r5]
 168 001e 0024     		movs	r4, #0
 169 0020 1C71     		strb	r4, [r3, #4]
 153:Drivers/STM32F1xx_HAL_Driver/Src/stm32f1xx_hal_crc.c **** 
 170              		.loc 1 153 3 view .LVU37
 171 0022 2846     		mov	r0, r5
 172 0024 FFF7FEFF 		bl	HAL_CRC_MspDeInit
 173              	.LVL10:
 156:Drivers/STM32F1xx_HAL_Driver/Src/stm32f1xx_hal_crc.c **** 
 174              		.loc 1 156 3 view .LVU38
 156:Drivers/STM32F1xx_HAL_Driver/Src/stm32f1xx_hal_crc.c **** 
 175              		.loc 1 156 15 is_stmt 0 view .LVU39
 176 0028 6C71     		strb	r4, [r5, #5]
 159:Drivers/STM32F1xx_HAL_Driver/Src/stm32f1xx_hal_crc.c **** 
 177              		.loc 1 159 3 is_stmt 1 view .LVU40
 159:Drivers/STM32F1xx_HAL_Driver/Src/stm32f1xx_hal_crc.c **** 
ARM GAS  /tmp/cc69DcHy.s 			page 8


 178              		.loc 1 159 3 view .LVU41
 179 002a 2C71     		strb	r4, [r5, #4]
 159:Drivers/STM32F1xx_HAL_Driver/Src/stm32f1xx_hal_crc.c **** 
 180              		.loc 1 159 3 view .LVU42
 162:Drivers/STM32F1xx_HAL_Driver/Src/stm32f1xx_hal_crc.c **** }
 181              		.loc 1 162 3 view .LVU43
 162:Drivers/STM32F1xx_HAL_Driver/Src/stm32f1xx_hal_crc.c **** }
 182              		.loc 1 162 10 is_stmt 0 view .LVU44
 183 002c 2046     		mov	r0, r4
 184              	.L13:
 163:Drivers/STM32F1xx_HAL_Driver/Src/stm32f1xx_hal_crc.c **** 
 185              		.loc 1 163 1 view .LVU45
 186 002e 38BD     		pop	{r3, r4, r5, pc}
 187              	.LVL11:
 188              	.L14:
 189              		.cfi_def_cfa_offset 0
 190              		.cfi_restore 3
 191              		.cfi_restore 4
 192              		.cfi_restore 5
 193              		.cfi_restore 14
 131:Drivers/STM32F1xx_HAL_Driver/Src/stm32f1xx_hal_crc.c ****   }
 194              		.loc 1 131 12 view .LVU46
 195 0030 0120     		movs	r0, #1
 196              	.LVL12:
 163:Drivers/STM32F1xx_HAL_Driver/Src/stm32f1xx_hal_crc.c **** 
 197              		.loc 1 163 1 view .LVU47
 198 0032 7047     		bx	lr
 199              		.cfi_endproc
 200              	.LFE66:
 202              		.section	.text.HAL_CRC_Accumulate,"ax",%progbits
 203              		.align	1
 204              		.global	HAL_CRC_Accumulate
 205              		.syntax unified
 206              		.thumb
 207              		.thumb_func
 209              	HAL_CRC_Accumulate:
 210              	.LVL13:
 211              	.LFB69:
 194:Drivers/STM32F1xx_HAL_Driver/Src/stm32f1xx_hal_crc.c **** 
 195:Drivers/STM32F1xx_HAL_Driver/Src/stm32f1xx_hal_crc.c **** /**
 196:Drivers/STM32F1xx_HAL_Driver/Src/stm32f1xx_hal_crc.c ****   * @}
 197:Drivers/STM32F1xx_HAL_Driver/Src/stm32f1xx_hal_crc.c ****   */
 198:Drivers/STM32F1xx_HAL_Driver/Src/stm32f1xx_hal_crc.c **** 
 199:Drivers/STM32F1xx_HAL_Driver/Src/stm32f1xx_hal_crc.c **** /** @defgroup CRC_Exported_Functions_Group2 Peripheral Control functions
 200:Drivers/STM32F1xx_HAL_Driver/Src/stm32f1xx_hal_crc.c ****   *  @brief    management functions.
 201:Drivers/STM32F1xx_HAL_Driver/Src/stm32f1xx_hal_crc.c ****   *
 202:Drivers/STM32F1xx_HAL_Driver/Src/stm32f1xx_hal_crc.c **** @verbatim
 203:Drivers/STM32F1xx_HAL_Driver/Src/stm32f1xx_hal_crc.c ****  ===============================================================================
 204:Drivers/STM32F1xx_HAL_Driver/Src/stm32f1xx_hal_crc.c ****                       ##### Peripheral Control functions #####
 205:Drivers/STM32F1xx_HAL_Driver/Src/stm32f1xx_hal_crc.c ****  ===============================================================================
 206:Drivers/STM32F1xx_HAL_Driver/Src/stm32f1xx_hal_crc.c ****     [..]  This section provides functions allowing to:
 207:Drivers/STM32F1xx_HAL_Driver/Src/stm32f1xx_hal_crc.c ****       (+) compute the 32-bit CRC value of a 32-bit data buffer
 208:Drivers/STM32F1xx_HAL_Driver/Src/stm32f1xx_hal_crc.c ****           using combination of the previous CRC value and the new one.
 209:Drivers/STM32F1xx_HAL_Driver/Src/stm32f1xx_hal_crc.c **** 
 210:Drivers/STM32F1xx_HAL_Driver/Src/stm32f1xx_hal_crc.c ****        [..]  or
 211:Drivers/STM32F1xx_HAL_Driver/Src/stm32f1xx_hal_crc.c **** 
 212:Drivers/STM32F1xx_HAL_Driver/Src/stm32f1xx_hal_crc.c ****       (+) compute the 32-bit CRC value of a 32-bit data buffer
ARM GAS  /tmp/cc69DcHy.s 			page 9


 213:Drivers/STM32F1xx_HAL_Driver/Src/stm32f1xx_hal_crc.c ****           independently of the previous CRC value.
 214:Drivers/STM32F1xx_HAL_Driver/Src/stm32f1xx_hal_crc.c **** 
 215:Drivers/STM32F1xx_HAL_Driver/Src/stm32f1xx_hal_crc.c **** @endverbatim
 216:Drivers/STM32F1xx_HAL_Driver/Src/stm32f1xx_hal_crc.c ****   * @{
 217:Drivers/STM32F1xx_HAL_Driver/Src/stm32f1xx_hal_crc.c ****   */
 218:Drivers/STM32F1xx_HAL_Driver/Src/stm32f1xx_hal_crc.c **** 
 219:Drivers/STM32F1xx_HAL_Driver/Src/stm32f1xx_hal_crc.c **** /**
 220:Drivers/STM32F1xx_HAL_Driver/Src/stm32f1xx_hal_crc.c ****   * @brief  Compute the 32-bit CRC value of a 32-bit data buffer
 221:Drivers/STM32F1xx_HAL_Driver/Src/stm32f1xx_hal_crc.c ****   *         starting with the previously computed CRC as initialization value.
 222:Drivers/STM32F1xx_HAL_Driver/Src/stm32f1xx_hal_crc.c ****   * @param  hcrc CRC handle
 223:Drivers/STM32F1xx_HAL_Driver/Src/stm32f1xx_hal_crc.c ****   * @param  pBuffer pointer to the input data buffer.
 224:Drivers/STM32F1xx_HAL_Driver/Src/stm32f1xx_hal_crc.c ****   * @param  BufferLength input data buffer length (number of uint32_t words).
 225:Drivers/STM32F1xx_HAL_Driver/Src/stm32f1xx_hal_crc.c ****   * @retval uint32_t CRC (returned value LSBs for CRC shorter than 32 bits)
 226:Drivers/STM32F1xx_HAL_Driver/Src/stm32f1xx_hal_crc.c ****   */
 227:Drivers/STM32F1xx_HAL_Driver/Src/stm32f1xx_hal_crc.c **** uint32_t HAL_CRC_Accumulate(CRC_HandleTypeDef *hcrc, uint32_t pBuffer[], uint32_t BufferLength)
 228:Drivers/STM32F1xx_HAL_Driver/Src/stm32f1xx_hal_crc.c **** {
 212              		.loc 1 228 1 is_stmt 1 view -0
 213              		.cfi_startproc
 214              		@ args = 0, pretend = 0, frame = 0
 215              		@ frame_needed = 0, uses_anonymous_args = 0
 216              		.loc 1 228 1 is_stmt 0 view .LVU49
 217 0000 8446     		mov	ip, r0
 229:Drivers/STM32F1xx_HAL_Driver/Src/stm32f1xx_hal_crc.c ****   uint32_t index;      /* CRC input data buffer index */
 218              		.loc 1 229 3 is_stmt 1 view .LVU50
 230:Drivers/STM32F1xx_HAL_Driver/Src/stm32f1xx_hal_crc.c ****   uint32_t temp = 0U;  /* CRC output (read from hcrc->Instance->DR register) */
 219              		.loc 1 230 3 view .LVU51
 220              	.LVL14:
 231:Drivers/STM32F1xx_HAL_Driver/Src/stm32f1xx_hal_crc.c **** 
 232:Drivers/STM32F1xx_HAL_Driver/Src/stm32f1xx_hal_crc.c ****   /* Change CRC peripheral state */
 233:Drivers/STM32F1xx_HAL_Driver/Src/stm32f1xx_hal_crc.c ****   hcrc->State = HAL_CRC_STATE_BUSY;
 221              		.loc 1 233 3 view .LVU52
 222              		.loc 1 233 15 is_stmt 0 view .LVU53
 223 0002 0223     		movs	r3, #2
 224 0004 4371     		strb	r3, [r0, #5]
 234:Drivers/STM32F1xx_HAL_Driver/Src/stm32f1xx_hal_crc.c **** 
 235:Drivers/STM32F1xx_HAL_Driver/Src/stm32f1xx_hal_crc.c ****   /* Enter Data to the CRC calculator */
 236:Drivers/STM32F1xx_HAL_Driver/Src/stm32f1xx_hal_crc.c ****   for (index = 0U; index < BufferLength; index++)
 225              		.loc 1 236 3 is_stmt 1 view .LVU54
 226              	.LVL15:
 227              		.loc 1 236 14 is_stmt 0 view .LVU55
 228 0006 0023     		movs	r3, #0
 229              	.LVL16:
 230              		.loc 1 236 26 is_stmt 1 discriminator 1 view .LVU56
 231 0008 9342     		cmp	r3, r2
 232 000a 11D2     		bcs	.L26
 228:Drivers/STM32F1xx_HAL_Driver/Src/stm32f1xx_hal_crc.c ****   uint32_t index;      /* CRC input data buffer index */
 233              		.loc 1 228 1 is_stmt 0 view .LVU57
 234 000c 00B5     		push	{lr}
 235              		.cfi_def_cfa_offset 4
 236              		.cfi_offset 14, -4
 237              	.LVL17:
 238              	.L21:
 237:Drivers/STM32F1xx_HAL_Driver/Src/stm32f1xx_hal_crc.c ****   {
 238:Drivers/STM32F1xx_HAL_Driver/Src/stm32f1xx_hal_crc.c ****     hcrc->Instance->DR = pBuffer[index];
 239              		.loc 1 238 5 is_stmt 1 view .LVU58
 240              		.loc 1 238 24 is_stmt 0 view .LVU59
 241 000e DCF80000 		ldr	r0, [ip]
ARM GAS  /tmp/cc69DcHy.s 			page 10


 242 0012 51F823E0 		ldr	lr, [r1, r3, lsl #2]
 243 0016 C0F800E0 		str	lr, [r0]
 236:Drivers/STM32F1xx_HAL_Driver/Src/stm32f1xx_hal_crc.c ****   {
 244              		.loc 1 236 47 is_stmt 1 discriminator 3 view .LVU60
 245 001a 0133     		adds	r3, r3, #1
 246              	.LVL18:
 236:Drivers/STM32F1xx_HAL_Driver/Src/stm32f1xx_hal_crc.c ****   {
 247              		.loc 1 236 26 discriminator 1 view .LVU61
 248 001c 9342     		cmp	r3, r2
 249 001e F6D3     		bcc	.L21
 239:Drivers/STM32F1xx_HAL_Driver/Src/stm32f1xx_hal_crc.c ****   }
 240:Drivers/STM32F1xx_HAL_Driver/Src/stm32f1xx_hal_crc.c ****   temp = hcrc->Instance->DR;
 250              		.loc 1 240 3 view .LVU62
 251              		.loc 1 240 14 is_stmt 0 view .LVU63
 252 0020 DCF80030 		ldr	r3, [ip]
 253              	.LVL19:
 254              		.loc 1 240 8 view .LVU64
 255 0024 1868     		ldr	r0, [r3]
 256              	.LVL20:
 241:Drivers/STM32F1xx_HAL_Driver/Src/stm32f1xx_hal_crc.c **** 
 242:Drivers/STM32F1xx_HAL_Driver/Src/stm32f1xx_hal_crc.c ****   /* Change CRC peripheral state */
 243:Drivers/STM32F1xx_HAL_Driver/Src/stm32f1xx_hal_crc.c ****   hcrc->State = HAL_CRC_STATE_READY;
 257              		.loc 1 243 3 is_stmt 1 view .LVU65
 258              		.loc 1 243 15 is_stmt 0 view .LVU66
 259 0026 0123     		movs	r3, #1
 260 0028 8CF80530 		strb	r3, [ip, #5]
 244:Drivers/STM32F1xx_HAL_Driver/Src/stm32f1xx_hal_crc.c **** 
 245:Drivers/STM32F1xx_HAL_Driver/Src/stm32f1xx_hal_crc.c ****   /* Return the CRC computed value */
 246:Drivers/STM32F1xx_HAL_Driver/Src/stm32f1xx_hal_crc.c ****   return temp;
 261              		.loc 1 246 3 is_stmt 1 view .LVU67
 247:Drivers/STM32F1xx_HAL_Driver/Src/stm32f1xx_hal_crc.c **** }
 262              		.loc 1 247 1 is_stmt 0 view .LVU68
 263 002c 5DF804FB 		ldr	pc, [sp], #4
 264              	.LVL21:
 265              	.L26:
 266              		.cfi_def_cfa_offset 0
 267              		.cfi_restore 14
 240:Drivers/STM32F1xx_HAL_Driver/Src/stm32f1xx_hal_crc.c **** 
 268              		.loc 1 240 3 is_stmt 1 view .LVU69
 240:Drivers/STM32F1xx_HAL_Driver/Src/stm32f1xx_hal_crc.c **** 
 269              		.loc 1 240 14 is_stmt 0 view .LVU70
 270 0030 0368     		ldr	r3, [r0]
 271              	.LVL22:
 240:Drivers/STM32F1xx_HAL_Driver/Src/stm32f1xx_hal_crc.c **** 
 272              		.loc 1 240 8 view .LVU71
 273 0032 1868     		ldr	r0, [r3]
 274              	.LVL23:
 243:Drivers/STM32F1xx_HAL_Driver/Src/stm32f1xx_hal_crc.c **** 
 275              		.loc 1 243 3 is_stmt 1 view .LVU72
 243:Drivers/STM32F1xx_HAL_Driver/Src/stm32f1xx_hal_crc.c **** 
 276              		.loc 1 243 15 is_stmt 0 view .LVU73
 277 0034 0123     		movs	r3, #1
 278 0036 8CF80530 		strb	r3, [ip, #5]
 246:Drivers/STM32F1xx_HAL_Driver/Src/stm32f1xx_hal_crc.c **** }
 279              		.loc 1 246 3 is_stmt 1 view .LVU74
 280              		.loc 1 247 1 is_stmt 0 view .LVU75
 281 003a 7047     		bx	lr
ARM GAS  /tmp/cc69DcHy.s 			page 11


 282              		.cfi_endproc
 283              	.LFE69:
 285              		.section	.text.HAL_CRC_Calculate,"ax",%progbits
 286              		.align	1
 287              		.global	HAL_CRC_Calculate
 288              		.syntax unified
 289              		.thumb
 290              		.thumb_func
 292              	HAL_CRC_Calculate:
 293              	.LVL24:
 294              	.LFB70:
 248:Drivers/STM32F1xx_HAL_Driver/Src/stm32f1xx_hal_crc.c **** 
 249:Drivers/STM32F1xx_HAL_Driver/Src/stm32f1xx_hal_crc.c **** /**
 250:Drivers/STM32F1xx_HAL_Driver/Src/stm32f1xx_hal_crc.c ****   * @brief  Compute the 32-bit CRC value of a 32-bit data buffer
 251:Drivers/STM32F1xx_HAL_Driver/Src/stm32f1xx_hal_crc.c ****   *         starting with hcrc->Instance->INIT as initialization value.
 252:Drivers/STM32F1xx_HAL_Driver/Src/stm32f1xx_hal_crc.c ****   * @param  hcrc CRC handle
 253:Drivers/STM32F1xx_HAL_Driver/Src/stm32f1xx_hal_crc.c ****   * @param  pBuffer pointer to the input data buffer.
 254:Drivers/STM32F1xx_HAL_Driver/Src/stm32f1xx_hal_crc.c ****   * @param  BufferLength input data buffer length (number of uint32_t words).
 255:Drivers/STM32F1xx_HAL_Driver/Src/stm32f1xx_hal_crc.c ****   * @retval uint32_t CRC (returned value LSBs for CRC shorter than 32 bits)
 256:Drivers/STM32F1xx_HAL_Driver/Src/stm32f1xx_hal_crc.c ****   */
 257:Drivers/STM32F1xx_HAL_Driver/Src/stm32f1xx_hal_crc.c **** uint32_t HAL_CRC_Calculate(CRC_HandleTypeDef *hcrc, uint32_t pBuffer[], uint32_t BufferLength)
 258:Drivers/STM32F1xx_HAL_Driver/Src/stm32f1xx_hal_crc.c **** {
 295              		.loc 1 258 1 is_stmt 1 view -0
 296              		.cfi_startproc
 297              		@ args = 0, pretend = 0, frame = 0
 298              		@ frame_needed = 0, uses_anonymous_args = 0
 299              		.loc 1 258 1 is_stmt 0 view .LVU77
 300 0000 8446     		mov	ip, r0
 259:Drivers/STM32F1xx_HAL_Driver/Src/stm32f1xx_hal_crc.c ****   uint32_t index;      /* CRC input data buffer index */
 301              		.loc 1 259 3 is_stmt 1 view .LVU78
 260:Drivers/STM32F1xx_HAL_Driver/Src/stm32f1xx_hal_crc.c ****   uint32_t temp = 0U;  /* CRC output (read from hcrc->Instance->DR register) */
 302              		.loc 1 260 3 view .LVU79
 303              	.LVL25:
 261:Drivers/STM32F1xx_HAL_Driver/Src/stm32f1xx_hal_crc.c **** 
 262:Drivers/STM32F1xx_HAL_Driver/Src/stm32f1xx_hal_crc.c ****   /* Change CRC peripheral state */
 263:Drivers/STM32F1xx_HAL_Driver/Src/stm32f1xx_hal_crc.c ****   hcrc->State = HAL_CRC_STATE_BUSY;
 304              		.loc 1 263 3 view .LVU80
 305              		.loc 1 263 15 is_stmt 0 view .LVU81
 306 0002 0223     		movs	r3, #2
 307 0004 4371     		strb	r3, [r0, #5]
 264:Drivers/STM32F1xx_HAL_Driver/Src/stm32f1xx_hal_crc.c **** 
 265:Drivers/STM32F1xx_HAL_Driver/Src/stm32f1xx_hal_crc.c ****   /* Reset CRC Calculation Unit (hcrc->Instance->INIT is
 266:Drivers/STM32F1xx_HAL_Driver/Src/stm32f1xx_hal_crc.c ****   *  written in hcrc->Instance->DR) */
 267:Drivers/STM32F1xx_HAL_Driver/Src/stm32f1xx_hal_crc.c ****   __HAL_CRC_DR_RESET(hcrc);
 308              		.loc 1 267 3 is_stmt 1 view .LVU82
 309 0006 0068     		ldr	r0, [r0]
 310              	.LVL26:
 311              		.loc 1 267 3 is_stmt 0 view .LVU83
 312 0008 8368     		ldr	r3, [r0, #8]
 313 000a 43F00103 		orr	r3, r3, #1
 314 000e 8360     		str	r3, [r0, #8]
 268:Drivers/STM32F1xx_HAL_Driver/Src/stm32f1xx_hal_crc.c **** 
 269:Drivers/STM32F1xx_HAL_Driver/Src/stm32f1xx_hal_crc.c ****   /* Enter 32-bit input data to the CRC calculator */
 270:Drivers/STM32F1xx_HAL_Driver/Src/stm32f1xx_hal_crc.c ****   for (index = 0U; index < BufferLength; index++)
 315              		.loc 1 270 3 is_stmt 1 view .LVU84
 316              	.LVL27:
 317              		.loc 1 270 14 is_stmt 0 view .LVU85
ARM GAS  /tmp/cc69DcHy.s 			page 12


 318 0010 0023     		movs	r3, #0
 319              	.LVL28:
 320              		.loc 1 270 26 is_stmt 1 discriminator 1 view .LVU86
 321 0012 9342     		cmp	r3, r2
 322 0014 11D2     		bcs	.L34
 258:Drivers/STM32F1xx_HAL_Driver/Src/stm32f1xx_hal_crc.c ****   uint32_t index;      /* CRC input data buffer index */
 323              		.loc 1 258 1 is_stmt 0 view .LVU87
 324 0016 00B5     		push	{lr}
 325              		.cfi_def_cfa_offset 4
 326              		.cfi_offset 14, -4
 327              	.L29:
 271:Drivers/STM32F1xx_HAL_Driver/Src/stm32f1xx_hal_crc.c ****   {
 272:Drivers/STM32F1xx_HAL_Driver/Src/stm32f1xx_hal_crc.c ****     hcrc->Instance->DR = pBuffer[index];
 328              		.loc 1 272 5 is_stmt 1 view .LVU88
 329              		.loc 1 272 24 is_stmt 0 view .LVU89
 330 0018 DCF80000 		ldr	r0, [ip]
 331 001c 51F823E0 		ldr	lr, [r1, r3, lsl #2]
 332 0020 C0F800E0 		str	lr, [r0]
 270:Drivers/STM32F1xx_HAL_Driver/Src/stm32f1xx_hal_crc.c ****   {
 333              		.loc 1 270 47 is_stmt 1 discriminator 3 view .LVU90
 334 0024 0133     		adds	r3, r3, #1
 335              	.LVL29:
 270:Drivers/STM32F1xx_HAL_Driver/Src/stm32f1xx_hal_crc.c ****   {
 336              		.loc 1 270 26 discriminator 1 view .LVU91
 337 0026 9342     		cmp	r3, r2
 338 0028 F6D3     		bcc	.L29
 273:Drivers/STM32F1xx_HAL_Driver/Src/stm32f1xx_hal_crc.c ****   }
 274:Drivers/STM32F1xx_HAL_Driver/Src/stm32f1xx_hal_crc.c ****   temp = hcrc->Instance->DR;
 339              		.loc 1 274 3 view .LVU92
 340              		.loc 1 274 14 is_stmt 0 view .LVU93
 341 002a DCF80030 		ldr	r3, [ip]
 342              	.LVL30:
 343              		.loc 1 274 8 view .LVU94
 344 002e 1868     		ldr	r0, [r3]
 345              	.LVL31:
 275:Drivers/STM32F1xx_HAL_Driver/Src/stm32f1xx_hal_crc.c **** 
 276:Drivers/STM32F1xx_HAL_Driver/Src/stm32f1xx_hal_crc.c ****   /* Change CRC peripheral state */
 277:Drivers/STM32F1xx_HAL_Driver/Src/stm32f1xx_hal_crc.c ****   hcrc->State = HAL_CRC_STATE_READY;
 346              		.loc 1 277 3 is_stmt 1 view .LVU95
 347              		.loc 1 277 15 is_stmt 0 view .LVU96
 348 0030 0123     		movs	r3, #1
 349 0032 8CF80530 		strb	r3, [ip, #5]
 278:Drivers/STM32F1xx_HAL_Driver/Src/stm32f1xx_hal_crc.c **** 
 279:Drivers/STM32F1xx_HAL_Driver/Src/stm32f1xx_hal_crc.c ****   /* Return the CRC computed value */
 280:Drivers/STM32F1xx_HAL_Driver/Src/stm32f1xx_hal_crc.c ****   return temp;
 350              		.loc 1 280 3 is_stmt 1 view .LVU97
 281:Drivers/STM32F1xx_HAL_Driver/Src/stm32f1xx_hal_crc.c **** }
 351              		.loc 1 281 1 is_stmt 0 view .LVU98
 352 0036 5DF804FB 		ldr	pc, [sp], #4
 353              	.LVL32:
 354              	.L34:
 355              		.cfi_def_cfa_offset 0
 356              		.cfi_restore 14
 274:Drivers/STM32F1xx_HAL_Driver/Src/stm32f1xx_hal_crc.c **** 
 357              		.loc 1 274 3 is_stmt 1 view .LVU99
 274:Drivers/STM32F1xx_HAL_Driver/Src/stm32f1xx_hal_crc.c **** 
 358              		.loc 1 274 14 is_stmt 0 view .LVU100
ARM GAS  /tmp/cc69DcHy.s 			page 13


 359 003a DCF80030 		ldr	r3, [ip]
 360              	.LVL33:
 274:Drivers/STM32F1xx_HAL_Driver/Src/stm32f1xx_hal_crc.c **** 
 361              		.loc 1 274 8 view .LVU101
 362 003e 1868     		ldr	r0, [r3]
 363              	.LVL34:
 277:Drivers/STM32F1xx_HAL_Driver/Src/stm32f1xx_hal_crc.c **** 
 364              		.loc 1 277 3 is_stmt 1 view .LVU102
 277:Drivers/STM32F1xx_HAL_Driver/Src/stm32f1xx_hal_crc.c **** 
 365              		.loc 1 277 15 is_stmt 0 view .LVU103
 366 0040 0123     		movs	r3, #1
 367 0042 8CF80530 		strb	r3, [ip, #5]
 280:Drivers/STM32F1xx_HAL_Driver/Src/stm32f1xx_hal_crc.c **** }
 368              		.loc 1 280 3 is_stmt 1 view .LVU104
 369              		.loc 1 281 1 is_stmt 0 view .LVU105
 370 0046 7047     		bx	lr
 371              		.cfi_endproc
 372              	.LFE70:
 374              		.section	.text.HAL_CRC_GetState,"ax",%progbits
 375              		.align	1
 376              		.global	HAL_CRC_GetState
 377              		.syntax unified
 378              		.thumb
 379              		.thumb_func
 381              	HAL_CRC_GetState:
 382              	.LVL35:
 383              	.LFB71:
 282:Drivers/STM32F1xx_HAL_Driver/Src/stm32f1xx_hal_crc.c **** 
 283:Drivers/STM32F1xx_HAL_Driver/Src/stm32f1xx_hal_crc.c **** /**
 284:Drivers/STM32F1xx_HAL_Driver/Src/stm32f1xx_hal_crc.c ****   * @}
 285:Drivers/STM32F1xx_HAL_Driver/Src/stm32f1xx_hal_crc.c ****   */
 286:Drivers/STM32F1xx_HAL_Driver/Src/stm32f1xx_hal_crc.c **** 
 287:Drivers/STM32F1xx_HAL_Driver/Src/stm32f1xx_hal_crc.c **** /** @defgroup CRC_Exported_Functions_Group3 Peripheral State functions
 288:Drivers/STM32F1xx_HAL_Driver/Src/stm32f1xx_hal_crc.c ****   *  @brief    Peripheral State functions.
 289:Drivers/STM32F1xx_HAL_Driver/Src/stm32f1xx_hal_crc.c ****   *
 290:Drivers/STM32F1xx_HAL_Driver/Src/stm32f1xx_hal_crc.c **** @verbatim
 291:Drivers/STM32F1xx_HAL_Driver/Src/stm32f1xx_hal_crc.c ****  ===============================================================================
 292:Drivers/STM32F1xx_HAL_Driver/Src/stm32f1xx_hal_crc.c ****                       ##### Peripheral State functions #####
 293:Drivers/STM32F1xx_HAL_Driver/Src/stm32f1xx_hal_crc.c ****  ===============================================================================
 294:Drivers/STM32F1xx_HAL_Driver/Src/stm32f1xx_hal_crc.c ****     [..]
 295:Drivers/STM32F1xx_HAL_Driver/Src/stm32f1xx_hal_crc.c ****     This subsection permits to get in run-time the status of the peripheral.
 296:Drivers/STM32F1xx_HAL_Driver/Src/stm32f1xx_hal_crc.c **** 
 297:Drivers/STM32F1xx_HAL_Driver/Src/stm32f1xx_hal_crc.c **** @endverbatim
 298:Drivers/STM32F1xx_HAL_Driver/Src/stm32f1xx_hal_crc.c ****   * @{
 299:Drivers/STM32F1xx_HAL_Driver/Src/stm32f1xx_hal_crc.c ****   */
 300:Drivers/STM32F1xx_HAL_Driver/Src/stm32f1xx_hal_crc.c **** 
 301:Drivers/STM32F1xx_HAL_Driver/Src/stm32f1xx_hal_crc.c **** /**
 302:Drivers/STM32F1xx_HAL_Driver/Src/stm32f1xx_hal_crc.c ****   * @brief  Return the CRC handle state.
 303:Drivers/STM32F1xx_HAL_Driver/Src/stm32f1xx_hal_crc.c ****   * @param  hcrc CRC handle
 304:Drivers/STM32F1xx_HAL_Driver/Src/stm32f1xx_hal_crc.c ****   * @retval HAL state
 305:Drivers/STM32F1xx_HAL_Driver/Src/stm32f1xx_hal_crc.c ****   */
 306:Drivers/STM32F1xx_HAL_Driver/Src/stm32f1xx_hal_crc.c **** HAL_CRC_StateTypeDef HAL_CRC_GetState(const CRC_HandleTypeDef *hcrc)
 307:Drivers/STM32F1xx_HAL_Driver/Src/stm32f1xx_hal_crc.c **** {
 384              		.loc 1 307 1 is_stmt 1 view -0
 385              		.cfi_startproc
 386              		@ args = 0, pretend = 0, frame = 0
 387              		@ frame_needed = 0, uses_anonymous_args = 0
ARM GAS  /tmp/cc69DcHy.s 			page 14


 388              		@ link register save eliminated.
 308:Drivers/STM32F1xx_HAL_Driver/Src/stm32f1xx_hal_crc.c ****   /* Return CRC handle state */
 309:Drivers/STM32F1xx_HAL_Driver/Src/stm32f1xx_hal_crc.c ****   return hcrc->State;
 389              		.loc 1 309 3 view .LVU107
 390              		.loc 1 309 14 is_stmt 0 view .LVU108
 391 0000 4079     		ldrb	r0, [r0, #5]	@ zero_extendqisi2
 392              	.LVL36:
 310:Drivers/STM32F1xx_HAL_Driver/Src/stm32f1xx_hal_crc.c **** }
 393              		.loc 1 310 1 view .LVU109
 394 0002 7047     		bx	lr
 395              		.cfi_endproc
 396              	.LFE71:
 398              		.text
 399              	.Letext0:
 400              		.file 2 "/usr/arm-none-eabi/include/machine/_default_types.h"
 401              		.file 3 "/usr/arm-none-eabi/include/sys/_stdint.h"
 402              		.file 4 "Drivers/CMSIS/Device/ST/STM32F1xx/Include/stm32f103xb.h"
 403              		.file 5 "Drivers/STM32F1xx_HAL_Driver/Inc/stm32f1xx_hal_def.h"
 404              		.file 6 "Drivers/STM32F1xx_HAL_Driver/Inc/stm32f1xx_hal_crc.h"
ARM GAS  /tmp/cc69DcHy.s 			page 15


DEFINED SYMBOLS
                            *ABS*:00000000 stm32f1xx_hal_crc.c
     /tmp/cc69DcHy.s:19     .text.HAL_CRC_MspInit:00000000 $t
     /tmp/cc69DcHy.s:25     .text.HAL_CRC_MspInit:00000000 HAL_CRC_MspInit
     /tmp/cc69DcHy.s:40     .text.HAL_CRC_Init:00000000 $t
     /tmp/cc69DcHy.s:46     .text.HAL_CRC_Init:00000000 HAL_CRC_Init
     /tmp/cc69DcHy.s:103    .text.HAL_CRC_MspDeInit:00000000 $t
     /tmp/cc69DcHy.s:109    .text.HAL_CRC_MspDeInit:00000000 HAL_CRC_MspDeInit
     /tmp/cc69DcHy.s:124    .text.HAL_CRC_DeInit:00000000 $t
     /tmp/cc69DcHy.s:130    .text.HAL_CRC_DeInit:00000000 HAL_CRC_DeInit
     /tmp/cc69DcHy.s:203    .text.HAL_CRC_Accumulate:00000000 $t
     /tmp/cc69DcHy.s:209    .text.HAL_CRC_Accumulate:00000000 HAL_CRC_Accumulate
     /tmp/cc69DcHy.s:286    .text.HAL_CRC_Calculate:00000000 $t
     /tmp/cc69DcHy.s:292    .text.HAL_CRC_Calculate:00000000 HAL_CRC_Calculate
     /tmp/cc69DcHy.s:375    .text.HAL_CRC_GetState:00000000 $t
     /tmp/cc69DcHy.s:381    .text.HAL_CRC_GetState:00000000 HAL_CRC_GetState

NO UNDEFINED SYMBOLS
